0 info it worked if it ends with ok
1 verbose cli [ 'C:\\Program Files\\nodejs\\node.exe',
1 verbose cli   'C:\\Program Files\\nodejs\\node_modules\\npm\\bin\\npm-cli.js',
1 verbose cli   'run',
1 verbose cli   'sort' ]
2 info using npm@3.10.10
3 info using node@v6.11.2
4 verbose run-script [ 'presort', 'sort', 'postsort' ]
5 info lifecycle lsi-misc@1.0.0~presort: lsi-misc@1.0.0
6 silly lifecycle lsi-misc@1.0.0~presort: no script for presort, continuing
7 info lifecycle lsi-misc@1.0.0~sort: lsi-misc@1.0.0
8 verbose lifecycle lsi-misc@1.0.0~sort: unsafe-perm in lifecycle true
9 verbose lifecycle lsi-misc@1.0.0~sort: PATH: C:\Program Files\nodejs\node_modules\npm\bin\node-gyp-bin;C:\Users\ms5kh\Desktop\LSI-misc\node_modules\.bin;C:\ProgramData\Oracle\Java\javapath;C:\Program Files (x86)\Intel\iCLS Client\;C:\Program Files\Intel\iCLS Client\;C:\WINDOWS\system32;C:\WINDOWS;C:\WINDOWS\System32\Wbem;C:\WINDOWS\System32\WindowsPowerShell\v1.0\;C:\Program Files (x86)\Skype\Phone\;C:\Program Files (x86)\NVIDIA Corporation\PhysX\Common;C:\Program Files (x86)\Intel\Intel(R) Management Engine Components\DAL;C:\Program Files\Intel\Intel(R) Management Engine Components\DAL;C:\Program Files (x86)\Intel\Intel(R) Management Engine Components\IPT;C:\Program Files\Intel\Intel(R) Management Engine Components\IPT;C:\Program Files\nodejs\;C:\Program Files\Git\cmd;C:\Users\ms5kh\AppData\Local\Microsoft\WindowsApps;C:\Users\ms5kh\AppData\Roaming\npm;C:\Program Files\Heroku\bin
10 verbose lifecycle lsi-misc@1.0.0~sort: CWD: C:\Users\ms5kh\Desktop\LSI-misc
11 silly lifecycle lsi-misc@1.0.0~sort: Args: [ '/d /s /c', 'node ./tools/imageDictionary.js' ]
12 silly lifecycle lsi-misc@1.0.0~sort: Returned: code: 1  signal: null
13 info lifecycle lsi-misc@1.0.0~sort: Failed to exec sort script
14 verbose stack Error: lsi-misc@1.0.0 sort: `node ./tools/imageDictionary.js`
14 verbose stack Exit status 1
14 verbose stack     at EventEmitter.<anonymous> (C:\Program Files\nodejs\node_modules\npm\lib\utils\lifecycle.js:255:16)
14 verbose stack     at emitTwo (events.js:106:13)
14 verbose stack     at EventEmitter.emit (events.js:191:7)
14 verbose stack     at ChildProcess.<anonymous> (C:\Program Files\nodejs\node_modules\npm\lib\utils\spawn.js:40:14)
14 verbose stack     at emitTwo (events.js:106:13)
14 verbose stack     at ChildProcess.emit (events.js:191:7)
14 verbose stack     at maybeClose (internal/child_process.js:891:16)
14 verbose stack     at Process.ChildProcess._handle.onexit (internal/child_process.js:226:5)
15 verbose pkgid lsi-misc@1.0.0
16 verbose cwd C:\Users\ms5kh\Desktop\LSI-misc
17 error Windows_NT 10.0.14393
18 error argv "C:\\Program Files\\nodejs\\node.exe" "C:\\Program Files\\nodejs\\node_modules\\npm\\bin\\npm-cli.js" "run" "sort"
19 error node v6.11.2
20 error npm  v3.10.10
21 error code ELIFECYCLE
22 error lsi-misc@1.0.0 sort: `node ./tools/imageDictionary.js`
22 error Exit status 1
23 error Failed at the lsi-misc@1.0.0 sort script 'node ./tools/imageDictionary.js'.
23 error Make sure you have the latest version of node.js and npm installed.
23 error If you do, this is most likely a problem with the lsi-misc package,
23 error not with npm itself.
23 error Tell the author that this fails on your system:
23 error     node ./tools/imageDictionary.js
23 error You can get information on how to open an issue for this project with:
23 error     npm bugs lsi-misc
23 error Or if that isn't available, you can get their info via:
23 error     npm owner ls lsi-misc
23 error There is likely additional logging output above.
24 verbose exit [ 1, true ]
